<?xml version="1.0" encoding="UTF-8"?>
<testng-results skipped="0" failed="0" total="1" passed="1">
  <reporter-output>
  </reporter-output>
  <suite name="Default suite" duration-ms="121884" started-at="2017-01-29T05:37:50Z" finished-at="2017-01-29T05:39:52Z">
    <groups>
    </groups>
    <test name="Default test" duration-ms="121884" started-at="2017-01-29T05:37:50Z" finished-at="2017-01-29T05:39:52Z">
      <class name="com.bestbuy.demotests.testpages.TestClass">
        <test-method status="PASS" signature="setUp()[pri:0, instance:com.bestbuy.demotests.testpages.TestClass@703580bf]" name="setUp" is-config="true" duration-ms="4303" started-at="2017-01-28T21:37:50Z" finished-at="2017-01-28T21:37:54Z">
          <reporter-output>
          </reporter-output>
        </test-method> <!-- setUp -->
        <test-method status="PASS" signature="transactionFailsForIncorrectPaymentInfo(java.lang.String)[pri:0, instance:com.bestbuy.demotests.testpages.TestClass@703580bf]" name="transactionFailsForIncorrectPaymentInfo" duration-ms="116794" started-at="2017-01-28T21:37:54Z" data-provider="keywordValues" finished-at="2017-01-28T21:39:51Z">
          <params>
            <param index="0">
              <value>
                <![CDATA[iphone]]>
              </value>
            </param>
          </params>
          <reporter-output>
          </reporter-output>
        </test-method> <!-- transactionFailsForIncorrectPaymentInfo -->
        <test-method status="PASS" signature="tearDown()[pri:0, instance:com.bestbuy.demotests.testpages.TestClass@703580bf]" name="tearDown" is-config="true" duration-ms="786" started-at="2017-01-28T21:39:51Z" finished-at="2017-01-28T21:39:52Z">
          <reporter-output>
          </reporter-output>
        </test-method> <!-- tearDown -->
      </class> <!-- com.bestbuy.demotests.testpages.TestClass -->
    </test> <!-- Default test -->
  </suite> <!-- Default suite -->
</testng-results>
